<?xml version="1.0" encoding="UTF-8"?>
<testsuite xmlns:xsi="http://www.w3.org/2001/XMLSchema-instance" xsi:noNamespaceSchemaLocation="https://maven.apache.org/surefire/maven-surefire-plugin/xsd/surefire-test-report.xsd" name="com.itvillage.AesTest" time="0.387" tests="2" errors="0" skipped="0" failures="0">
  <properties>
[...]
</properties>
  <testcase name="shouldTextToDecrypted" classname="com.itvillage.AesTest" time="0.375"/>
  <testcase name="shouldTextToEncrypted" classname="com.itvillage.AesTest" time="0"/>
</testsuite>